[2022-01-21 19:50:59] local.ERROR: Undefined index: company_name {"userId":79,"exception":"[object] (ErrorException(code: 0): Undefined index: company_name at /home/u709485375/domains/fortecsalesforce.com/public_html/cem_leadmanagement/app/Imports/BulkImport.php:51)
[stacktrace]
#0 /home/u709485375/domains/fortecsalesforce.com/public_html/cem_leadmanagement/app/Imports/BulkImport.php(51): Illuminate\\Foundation\\Bootstrap\\HandleExceptions->handleError(8, 'Undefined index...', '/home/u70948537...', 51, Array)
#1 /home/u709485375/domains/fortecsalesforce.com/public_html/cem_leadmanagement/vendor/maatwebsite/excel/src/Imports/ModelManager.php(91): App\\Imports\\BulkImport->model(Array)
#2 /home/u709485375/domains/fortecsalesforce.com/public_html/cem_leadmanagement/vendor/maatwebsite/excel/src/Imports/ModelManager.php(143): Maatwebsite\\Excel\\Imports\\ModelManager->toModels(Object(App\\Imports\\BulkImport), Array, 2)
#3 /home/u709485375/domains/fortecsalesforce.com/public_html/cem_leadmanagement/vendor/laravel/framework/src/Illuminate/Support/Traits/EnumeratesValues.php(176): Maatwebsite\\Excel\\Imports\\ModelManager->Maatwebsite\\Excel\\Imports\\{closure}(Array, 2)
#4 /home/u709485375/domains/fortecsalesforce.com/public_html/cem_leadmanagement/vendor/maatwebsite/excel/src/Imports/ModelManager.php(162): Illuminate\\Support\\Collection->each(Object(Closure))
#5 /home/u709485375/domains/fortecsalesforce.com/public_html/cem_leadmanagement/vendor/maatwebsite/excel/src/Imports/ModelManager.php(73): Maatwebsite\\Excel\\Imports\\ModelManager->singleFlush(Object(App\\Imports\\BulkImport))
#6 /home/u709485375/domains/fortecsalesforce.com/public_html/cem_leadmanagement/vendor/maatwebsite/excel/src/Imports/ModelImporter.php(81): Maatwebsite\\Excel\\Imports\\ModelManager->flush(Object(App\\Imports\\BulkImport), false)
#7 /home/u709485375/domains/fortecsalesforce.com/public_html/cem_leadmanagement/vendor/maatwebsite/excel/src/Sheet.php(261): Maatwebsite\\Excel\\Imports\\ModelImporter->import(Object(PhpOffice\\PhpSpreadsheet\\Worksheet\\Worksheet), Object(App\\Imports\\BulkImport), 2)
#8 /home/u709485375/domains/fortecsalesforce.com/public_html/cem_leadmanagement/vendor/maatwebsite/excel/src/Reader.php(115): Maatwebsite\\Excel\\Sheet->import(Object(App\\Imports\\BulkImport), 2)
#9 /home/u709485375/domains/fortecsalesforce.com/public_html/cem_leadmanagement/vendor/laravel/framework/src/Illuminate/Database/Concerns/ManagesTransactions.php(28): Maatwebsite\\Excel\\Reader->Maatwebsite\\Excel\\{closure}(Object(Illuminate\\Database\\MySqlConnection))
#10 /home/u709485375/domains/fortecsalesforce.com/public_html/cem_leadmanagement/vendor/maatwebsite/excel/src/Transactions/DbTransactionHandler.php(30): Illuminate\\Database\\Connection->transaction(Object(Closure))
#11 /home/u709485375/domains/fortecsalesforce.com/public_html/cem_leadmanagement/vendor/maatwebsite/excel/src/Reader.php(129): Maatwebsite\\Excel\\Transactions\\DbTransactionHandler->__invoke(Object(Closure))
#12 /home/u709485375/domains/fortecsalesforce.com/public_html/cem_leadmanagement/vendor/maatwebsite/excel/src/Excel.php(146): Maatwebsite\\Excel\\Reader->read(Object(App\\Imports\\BulkImport), Object(Illuminate\\Http\\UploadedFile), 'Csv', NULL)
#13 /home/u709485375/domains/fortecsalesforce.com/public_html/cem_leadmanagement/vendor/laravel/framework/src/Illuminate/Support/Facades/Facade.php(261): Maatwebsite\\Excel\\Excel->import(Object(App\\Imports\\BulkImport), Object(Illuminate\\Http\\UploadedFile))
#14 /home/u709485375/domains/fortecsalesforce.com/public_html/cem_leadmanagement/app/Http/Controllers/ImportExportController.php(47): Illuminate\\Support\\Facades\\Facade::__callStatic('import', Array)
#15 [internal function]: App\\Http\\Controllers\\ImportExportController->import(Object(App\\Http\\Requests\\ImportRequest))
#16 /home/u709485375/domains/fortecsalesforce.com/public_html/cem_leadmanagement/vendor/laravel/framework/src/Illuminate/Routing/Controller.php(54): call_user_func_array(Array, Array)
#17 /home/u709485375/domains/fortecsalesforce.com/public_html/cem_leadmanagement/vendor/laravel/framework/src/Illuminate/Routing/ControllerDispatcher.php(45): Illuminate\\Routing\\Controller->callAction('import', Array)
#18 /home/u709485375/domains/fortecsalesforce.com/public_html/cem_leadmanagement/vendor/laravel/framework/src/Illuminate/Routing/Route.php(240): Illuminate\\Routing\\ControllerDispatcher->dispatch(Object(Illuminate\\Routing\\Route), Object(App\\Http\\Controllers\\ImportExportController), 'import')
#19 /home/u709485375/domains/fortecsalesforce.com/public_html/cem_leadmanagement/vendor/laravel/framework/src/Illuminate/Routing/Route.php(197): Illuminate\\Routing\\Route->runController()
#20 /home/u709485375/domains/fortecsalesforce.com/public_html/cem_leadmanagement/vendor/laravel/framework/src/Illuminate/Routing/Router.php(681): Illuminate\\Routing\\Route->run()
#21 /home/u709485375/domains/fortecsalesforce.com/public_html/cem_leadmanagement/vendor/laravel/framework/src/Illuminate/Pipeline/Pipeline.php(128): Illuminate\\Routing\\Router->Illuminate\\Routing\\{closure}(Object(Illuminate\\Http\\Request))
#22 /home/u709485375/domains/fortecsalesforce.com/public_html/cem_leadmanagement/vendor/laravel/framework/src/Illuminate/Routing/Middleware/SubstituteBindings.php(41): Illuminate\\Pipeline\\Pipeline->Illuminate\\Pipeline\\{closure}(Object(Illuminate\\Http\\Request))
#23 /home/u709485375/domains/fortecsalesforce.com/public_html/cem_leadmanagement/vendor/laravel/framework/src/Illuminate/Pipeline/Pipeline.php(167): Illuminate\\Routing\\Middleware\\SubstituteBindings->handle(Object(Illuminate\\Http\\Request), Object(Closure))
#24 /home/u709485375/domains/fortecsalesforce.com/public_html/cem_leadmanagement/vendor/laravel/framework/src/Illuminate/Auth/Middleware/Authenticate.php(44): Illuminate\\Pipeline\\Pipeline->Illuminate\\Pipeline\\{closure}(Object(Illuminate\\Http\\Request))
#25 /home/u709485375/domains/fortecsalesforce.com/public_html/cem_leadmanagement/vendor/laravel/framework/src/Illuminate/Pipeline/Pipeline.php(167): Illuminate\\Auth\\Middleware\\Authenticate->handle(Object(Illuminate\\Http\\Request), Object(Closure))
#26 /home/u709485375/domains/fortecsalesforce.com/public_html/cem_leadmanagement/vendor/laravel/framework/src/Illuminate/Foundation/Http/Middleware/VerifyCsrfToken.php(76): Illuminate\\Pipeline\\Pipeline->Illuminate\\Pipeline\\{closure}(Object(Illuminate\\Http\\Request))
#27 /home/u709485375/domains/fortecsalesforce.com/public_html/cem_leadmanagement/vendor/laravel/framework/src/Illuminate/Pipeline/Pipeline.php(167): Illuminate\\Foundation\\Http\\Middleware\\VerifyCsrfToken->handle(Object(Illuminate\\Http\\Request), Object(Closure))
#28 /home/u709485375/domains/fortecsalesforce.com/public_html/cem_leadmanagement/vendor/laravel/framework/src/Illuminate/View/Middleware/ShareErrorsFromSession.php(49): Illuminate\\Pipeline\\Pipeline->Illuminate\\Pipeline\\{closure}(Object(Illuminate\\Http\\Request))
#29 /home/u709485375/domains/fortecsalesforce.com/public_html/cem_leadmanagement/vendor/laravel/framework/src/Illuminate/Pipeline/Pipeline.php(167): Illuminate\\View\\Middleware\\ShareErrorsFromSession->handle(Object(Illuminate\\Http\\Request), Object(Closure))
#30 /home/u709485375/domains/fortecsalesforce.com/public_html/cem_leadmanagement/vendor/laravel/framework/src/Illuminate/Session/Middleware/StartSession.php(56): Illuminate\\Pipeline\\Pipeline->Illuminate\\Pipeline\\{closure}(Object(Illuminate\\Http\\Request))
#31 /home/u709485375/domains/fortecsalesforce.com/public_html/cem_leadmanagement/vendor/laravel/framework/src/Illuminate/Pipeline/Pipeline.php(167): Illuminate\\Session\\Middleware\\StartSession->handle(Object(Illuminate\\Http\\Request), Object(Closure))
#32 /home/u709485375/domains/fortecsalesforce.com/public_html/cem_leadmanagement/vendor/laravel/framework/src/Illuminate/Cookie/Middleware/AddQueuedCookiesToResponse.php(37): Illuminate\\Pipeline\\Pipeline->Illuminate\\Pipeline\\{closure}(Object(Illuminate\\Http\\Request))
#33 /home/u709485375/domains/fortecsalesforce.com/public_html/cem_leadmanagement/vendor/laravel/framework/src/Illuminate/Pipeline/Pipeline.php(167): Illuminate\\Cookie\\Middleware\\AddQueuedCookiesToResponse->handle(Object(Illuminate\\Http\\Request), Object(Closure))
#34 /home/u709485375/domains/fortecsalesforce.com/public_html/cem_leadmanagement/vendor/laravel/framework/src/Illuminate/Cookie/Middleware/EncryptCookies.php(66): Illuminate\\Pipeline\\Pipeline->Illuminate\\Pipeline\\{closure}(Object(Illuminate\\Http\\Request))
#35 /home/u709485375/domains/fortecsalesforce.com/public_html/cem_leadmanagement/vendor/laravel/framework/src/Illuminate/Pipeline/Pipeline.php(167): Illuminate\\Cookie\\Middleware\\EncryptCookies->handle(Object(Illuminate\\Http\\Request), Object(Closure))
#36 /home/u709485375/domains/fortecsalesforce.com/public_html/cem_leadmanagement/vendor/laravel/framework/src/Illuminate/Pipeline/Pipeline.php(103): Illuminate\\Pipeline\\Pipeline->Illuminate\\Pipeline\\{closure}(Object(Illuminate\\Http\\Request))
#37 /home/u709485375/domains/fortecsalesforce.com/public_html/cem_leadmanagement/vendor/laravel/framework/src/Illuminate/Routing/Router.php(683): Illuminate\\Pipeline\\Pipeline->then(Object(Closure))
#38 /home/u709485375/domains/fortecsalesforce.com/public_html/cem_leadmanagement/vendor/laravel/framework/src/Illuminate/Routing/Router.php(658): Illuminate\\Routing\\Router->runRouteWithinStack(Object(Illuminate\\Routing\\Route), Object(Illuminate\\Http\\Request))
#39 /home/u709485375/domains/fortecsalesforce.com/public_html/cem_leadmanagement/vendor/laravel/framework/src/Illuminate/Routing/Router.php(624): Illuminate\\Routing\\Router->runRoute(Object(Illuminate\\Http\\Request), Object(Illuminate\\Routing\\Route))
#40 /home/u709485375/domains/fortecsalesforce.com/public_html/cem_leadmanagement/vendor/laravel/framework/src/Illuminate/Routing/Router.php(613): Illuminate\\Routing\\Router->dispatchToRoute(Object(Illuminate\\Http\\Request))
#41 /home/u709485375/domains/fortecsalesforce.com/public_html/cem_leadmanagement/vendor/laravel/framework/src/Illuminate/Foundation/Http/Kernel.php(165): Illuminate\\Routing\\Router->dispatch(Object(Illuminate\\Http\\Request))
#42 /home/u709485375/domains/fortecsalesforce.com/public_html/cem_leadmanagement/vendor/laravel/framework/src/Illuminate/Pipeline/Pipeline.php(128): Illuminate\\Foundation\\Http\\Kernel->Illuminate\\Foundation\\Http\\{closure}(Object(Illuminate\\Http\\Request))
#43 /home/u709485375/domains/fortecsalesforce.com/public_html/cem_leadmanagement/vendor/laravel/framework/src/Illuminate/Foundation/Http/Middleware/TransformsRequest.php(21): Illuminate\\Pipeline\\Pipeline->Illuminate\\Pipeline\\{closure}(Object(Illuminate\\Http\\Request))
#44 /home/u709485375/domains/fortecsalesforce.com/public_html/cem_leadmanagement/vendor/laravel/framework/src/Illuminate/Pipeline/Pipeline.php(167): Illuminate\\Foundation\\Http\\Middleware\\TransformsRequest->handle(Object(Illuminate\\Http\\Request), Object(Closure))
#45 /home/u709485375/domains/fortecsalesforce.com/public_html/cem_leadmanagement/vendor/laravel/framework/src/Illuminate/Foundation/Http/Middleware/TransformsRequest.php(21): Illuminate\\Pipeline\\Pipeline->Illuminate\\Pipeline\\{closure}(Object(Illuminate\\Http\\Request))
#46 /home/u709485375/domains/fortecsalesforce.com/public_html/cem_leadmanagement/vendor/laravel/framework/src/Illuminate/Pipeline/Pipeline.php(167): Illuminate\\Foundation\\Http\\Middleware\\TransformsRequest->handle(Object(Illuminate\\Http\\Request), Object(Closure))
#47 /home/u709485375/domains/fortecsalesforce.com/public_html/cem_leadmanagement/vendor/laravel/framework/src/Illuminate/Foundation/Http/Middleware/ValidatePostSize.php(27): Illuminate\\Pipeline\\Pipeline->Illuminate\\Pipeline\\{closure}(Object(Illuminate\\Http\\Request))
#48 /home/u709485375/domains/fortecsalesforce.com/public_html/cem_leadmanagement/vendor/laravel/framework/src/Illuminate/Pipeline/Pipeline.php(167): Illuminate\\Foundation\\Http\\Middleware\\ValidatePostSize->handle(Object(Illuminate\\Http\\Request), Object(Closure))
#49 /home/u709485375/domains/fortecsalesforce.com/public_html/cem_leadmanagement/vendor/laravel/framework/src/Illuminate/Foundation/Http/Middleware/CheckForMaintenanceMode.php(63): Illuminate\\Pipeline\\Pipeline->Illuminate\\Pipeline\\{closure}(Object(Illuminate\\Http\\Request))
#50 /home/u709485375/domains/fortecsalesforce.com/public_html/cem_leadmanagement/vendor/laravel/framework/src/Illuminate/Pipeline/Pipeline.php(167): Illuminate\\Foundation\\Http\\Middleware\\CheckForMaintenanceMode->handle(Object(Illuminate\\Http\\Request), Object(Closure))
#51 /home/u709485375/domains/fortecsalesforce.com/public_html/cem_leadmanagement/vendor/fideloper/proxy/src/TrustProxies.php(57): Illuminate\\Pipeline\\Pipeline->Illuminate\\Pipeline\\{closure}(Object(Illuminate\\Http\\Request))
#52 /home/u709485375/domains/fortecsalesforce.com/public_html/cem_leadmanagement/vendor/laravel/framework/src/Illuminate/Pipeline/Pipeline.php(167): Fideloper\\Proxy\\TrustProxies->handle(Object(Illuminate\\Http\\Request), Object(Closure))
#53 /home/u709485375/domains/fortecsalesforce.com/public_html/cem_leadmanagement/vendor/laravel/framework/src/Illuminate/Pipeline/Pipeline.php(103): Illuminate\\Pipeline\\Pipeline->Illuminate\\Pipeline\\{closure}(Object(Illuminate\\Http\\Request))
#54 /home/u709485375/domains/fortecsalesforce.com/public_html/cem_leadmanagement/vendor/laravel/framework/src/Illuminate/Foundation/Http/Kernel.php(140): Illuminate\\Pipeline\\Pipeline->then(Object(Closure))
#55 /home/u709485375/domains/fortecsalesforce.com/public_html/cem_leadmanagement/vendor/laravel/framework/src/Illuminate/Foundation/Http/Kernel.php(109): Illuminate\\Foundation\\Http\\Kernel->sendRequestThroughRouter(Object(Illuminate\\Http\\Request))
#56 /home/u709485375/domains/fortecsalesforce.com/public_html/cem_leadmanagement/public/index.php(60): Illuminate\\Foundation\\Http\\Kernel->handle(Object(Illuminate\\Http\\Request))
#57 /home/u709485375/domains/fortecsalesforce.com/public_html/cem_leadmanagement/index.php(26): require_once('/home/u70948537...')
#58 {main}
"} 
[2022-01-21 20:04:22] local.ERROR: Undefined index: company_name {"userId":79,"exception":"[object] (ErrorException(code: 0): Undefined index: company_name at /home/u709485375/domains/fortecsalesforce.com/public_html/cem_leadmanagement/app/Imports/BulkImport.php:51)
[stacktrace]
#0 /home/u709485375/domains/fortecsalesforce.com/public_html/cem_leadmanagement/app/Imports/BulkImport.php(51): Illuminate\\Foundation\\Bootstrap\\HandleExceptions->handleError(8, 'Undefined index...', '/home/u70948537...', 51, Array)
#1 /home/u709485375/domains/fortecsalesforce.com/public_html/cem_leadmanagement/vendor/maatwebsite/excel/src/Imports/ModelManager.php(91): App\\Imports\\BulkImport->model(Array)
#2 /home/u709485375/domains/fortecsalesforce.com/public_html/cem_leadmanagement/vendor/maatwebsite/excel/src/Imports/ModelManager.php(143): Maatwebsite\\Excel\\Imports\\ModelManager->toModels(Object(App\\Imports\\BulkImport), Array, 2)
#3 /home/u709485375/domains/fortecsalesforce.com/public_html/cem_leadmanagement/vendor/laravel/framework/src/Illuminate/Support/Traits/EnumeratesValues.php(176): Maatwebsite\\Excel\\Imports\\ModelManager->Maatwebsite\\Excel\\Imports\\{closure}(Array, 2)
#4 /home/u709485375/domains/fortecsalesforce.com/public_html/cem_leadmanagement/vendor/maatwebsite/excel/src/Imports/ModelManager.php(162): Illuminate\\Support\\Collection->each(Object(Closure))
#5 /home/u709485375/domains/fortecsalesforce.com/public_html/cem_leadmanagement/vendor/maatwebsite/excel/src/Imports/ModelManager.php(73): Maatwebsite\\Excel\\Imports\\ModelManager->singleFlush(Object(App\\Imports\\BulkImport))
#6 /home/u709485375/domains/fortecsalesforce.com/public_html/cem_leadmanagement/vendor/maatwebsite/excel/src/Imports/ModelImporter.php(81): Maatwebsite\\Excel\\Imports\\ModelManager->flush(Object(App\\Imports\\BulkImport), false)
#7 /home/u709485375/domains/fortecsalesforce.com/public_html/cem_leadmanagement/vendor/maatwebsite/excel/src/Sheet.php(261): Maatwebsite\\Excel\\Imports\\ModelImporter->import(Object(PhpOffice\\PhpSpreadsheet\\Worksheet\\Worksheet), Object(App\\Imports\\BulkImport), 2)
#8 /home/u709485375/domains/fortecsalesforce.com/public_html/cem_leadmanagement/vendor/maatwebsite/excel/src/Reader.php(115): Maatwebsite\\Excel\\Sheet->import(Object(App\\Imports\\BulkImport), 2)
#9 /home/u709485375/domains/fortecsalesforce.com/public_html/cem_leadmanagement/vendor/laravel/framework/src/Illuminate/Database/Concerns/ManagesTransactions.php(28): Maatwebsite\\Excel\\Reader->Maatwebsite\\Excel\\{closure}(Object(Illuminate\\Database\\MySqlConnection))
#10 /home/u709485375/domains/fortecsalesforce.com/public_html/cem_leadmanagement/vendor/maatwebsite/excel/src/Transactions/DbTransactionHandler.php(30): Illuminate\\Database\\Connection->transaction(Object(Closure))
#11 /home/u709485375/domains/fortecsalesforce.com/public_html/cem_leadmanagement/vendor/maatwebsite/excel/src/Reader.php(129): Maatwebsite\\Excel\\Transactions\\DbTransactionHandler->__invoke(Object(Closure))
#12 /home/u709485375/domains/fortecsalesforce.com/public_html/cem_leadmanagement/vendor/maatwebsite/excel/src/Excel.php(146): Maatwebsite\\Excel\\Reader->read(Object(App\\Imports\\BulkImport), Object(Illuminate\\Http\\UploadedFile), 'Csv', NULL)
#13 /home/u709485375/domains/fortecsalesforce.com/public_html/cem_leadmanagement/vendor/laravel/framework/src/Illuminate/Support/Facades/Facade.php(261): Maatwebsite\\Excel\\Excel->import(Object(App\\Imports\\BulkImport), Object(Illuminate\\Http\\UploadedFile))
#14 /home/u709485375/domains/fortecsalesforce.com/public_html/cem_leadmanagement/app/Http/Controllers/ImportExportController.php(47): Illuminate\\Support\\Facades\\Facade::__callStatic('import', Array)
#15 [internal function]: App\\Http\\Controllers\\ImportExportController->import(Object(App\\Http\\Requests\\ImportRequest))
#16 /home/u709485375/domains/fortecsalesforce.com/public_html/cem_leadmanagement/vendor/laravel/framework/src/Illuminate/Routing/Controller.php(54): call_user_func_array(Array, Array)
#17 /home/u709485375/domains/fortecsalesforce.com/public_html/cem_leadmanagement/vendor/laravel/framework/src/Illuminate/Routing/ControllerDispatcher.php(45): Illuminate\\Routing\\Controller->callAction('import', Array)
#18 /home/u709485375/domains/fortecsalesforce.com/public_html/cem_leadmanagement/vendor/laravel/framework/src/Illuminate/Routing/Route.php(240): Illuminate\\Routing\\ControllerDispatcher->dispatch(Object(Illuminate\\Routing\\Route), Object(App\\Http\\Controllers\\ImportExportController), 'import')
#19 /home/u709485375/domains/fortecsalesforce.com/public_html/cem_leadmanagement/vendor/laravel/framework/src/Illuminate/Routing/Route.php(197): Illuminate\\Routing\\Route->runController()
#20 /home/u709485375/domains/fortecsalesforce.com/public_html/cem_leadmanagement/vendor/laravel/framework/src/Illuminate/Routing/Router.php(681): Illuminate\\Routing\\Route->run()
#21 /home/u709485375/domains/fortecsalesforce.com/public_html/cem_leadmanagement/vendor/laravel/framework/src/Illuminate/Pipeline/Pipeline.php(128): Illuminate\\Routing\\Router->Illuminate\\Routing\\{closure}(Object(Illuminate\\Http\\Request))
#22 /home/u709485375/domains/fortecsalesforce.com/public_html/cem_leadmanagement/vendor/laravel/framework/src/Illuminate/Routing/Middleware/SubstituteBindings.php(41): Illuminate\\Pipeline\\Pipeline->Illuminate\\Pipeline\\{closure}(Object(Illuminate\\Http\\Request))
#23 /home/u709485375/domains/fortecsalesforce.com/public_html/cem_leadmanagement/vendor/laravel/framework/src/Illuminate/Pipeline/Pipeline.php(167): Illuminate\\Routing\\Middleware\\SubstituteBindings->handle(Object(Illuminate\\Http\\Request), Object(Closure))
#24 /home/u709485375/domains/fortecsalesforce.com/public_html/cem_leadmanagement/vendor/laravel/framework/src/Illuminate/Auth/Middleware/Authenticate.php(44): Illuminate\\Pipeline\\Pipeline->Illuminate\\Pipeline\\{closure}(Object(Illuminate\\Http\\Request))
#25 /home/u709485375/domains/fortecsalesforce.com/public_html/cem_leadmanagement/vendor/laravel/framework/src/Illuminate/Pipeline/Pipeline.php(167): Illuminate\\Auth\\Middleware\\Authenticate->handle(Object(Illuminate\\Http\\Request), Object(Closure))
#26 /home/u709485375/domains/fortecsalesforce.com/public_html/cem_leadmanagement/vendor/laravel/framework/src/Illuminate/Foundation/Http/Middleware/VerifyCsrfToken.php(76): Illuminate\\Pipeline\\Pipeline->Illuminate\\Pipeline\\{closure}(Object(Illuminate\\Http\\Request))
#27 /home/u709485375/domains/fortecsalesforce.com/public_html/cem_leadmanagement/vendor/laravel/framework/src/Illuminate/Pipeline/Pipeline.php(167): Illuminate\\Foundation\\Http\\Middleware\\VerifyCsrfToken->handle(Object(Illuminate\\Http\\Request), Object(Closure))
#28 /home/u709485375/domains/fortecsalesforce.com/public_html/cem_leadmanagement/vendor/laravel/framework/src/Illuminate/View/Middleware/ShareErrorsFromSession.php(49): Illuminate\\Pipeline\\Pipeline->Illuminate\\Pipeline\\{closure}(Object(Illuminate\\Http\\Request))
#29 /home/u709485375/domains/fortecsalesforce.com/public_html/cem_leadmanagement/vendor/laravel/framework/src/Illuminate/Pipeline/Pipeline.php(167): Illuminate\\View\\Middleware\\ShareErrorsFromSession->handle(Object(Illuminate\\Http\\Request), Object(Closure))
#30 /home/u709485375/domains/fortecsalesforce.com/public_html/cem_leadmanagement/vendor/laravel/framework/src/Illuminate/Session/Middleware/StartSession.php(56): Illuminate\\Pipeline\\Pipeline->Illuminate\\Pipeline\\{closure}(Object(Illuminate\\Http\\Request))
#31 /home/u709485375/domains/fortecsalesforce.com/public_html/cem_leadmanagement/vendor/laravel/framework/src/Illuminate/Pipeline/Pipeline.php(167): Illuminate\\Session\\Middleware\\StartSession->handle(Object(Illuminate\\Http\\Request), Object(Closure))
#32 /home/u709485375/domains/fortecsalesforce.com/public_html/cem_leadmanagement/vendor/laravel/framework/src/Illuminate/Cookie/Middleware/AddQueuedCookiesToResponse.php(37): Illuminate\\Pipeline\\Pipeline->Illuminate\\Pipeline\\{closure}(Object(Illuminate\\Http\\Request))
#33 /home/u709485375/domains/fortecsalesforce.com/public_html/cem_leadmanagement/vendor/laravel/framework/src/Illuminate/Pipeline/Pipeline.php(167): Illuminate\\Cookie\\Middleware\\AddQueuedCookiesToResponse->handle(Object(Illuminate\\Http\\Request), Object(Closure))
#34 /home/u709485375/domains/fortecsalesforce.com/public_html/cem_leadmanagement/vendor/laravel/framework/src/Illuminate/Cookie/Middleware/EncryptCookies.php(66): Illuminate\\Pipeline\\Pipeline->Illuminate\\Pipeline\\{closure}(Object(Illuminate\\Http\\Request))
#35 /home/u709485375/domains/fortecsalesforce.com/public_html/cem_leadmanagement/vendor/laravel/framework/src/Illuminate/Pipeline/Pipeline.php(167): Illuminate\\Cookie\\Middleware\\EncryptCookies->handle(Object(Illuminate\\Http\\Request), Object(Closure))
#36 /home/u709485375/domains/fortecsalesforce.com/public_html/cem_leadmanagement/vendor/laravel/framework/src/Illuminate/Pipeline/Pipeline.php(103): Illuminate\\Pipeline\\Pipeline->Illuminate\\Pipeline\\{closure}(Object(Illuminate\\Http\\Request))
#37 /home/u709485375/domains/fortecsalesforce.com/public_html/cem_leadmanagement/vendor/laravel/framework/src/Illuminate/Routing/Router.php(683): Illuminate\\Pipeline\\Pipeline->then(Object(Closure))
#38 /home/u709485375/domains/fortecsalesforce.com/public_html/cem_leadmanagement/vendor/laravel/framework/src/Illuminate/Routing/Router.php(658): Illuminate\\Routing\\Router->runRouteWithinStack(Object(Illuminate\\Routing\\Route), Object(Illuminate\\Http\\Request))
#39 /home/u709485375/domains/fortecsalesforce.com/public_html/cem_leadmanagement/vendor/laravel/framework/src/Illuminate/Routing/Router.php(624): Illuminate\\Routing\\Router->runRoute(Object(Illuminate\\Http\\Request), Object(Illuminate\\Routing\\Route))
#40 /home/u709485375/domains/fortecsalesforce.com/public_html/cem_leadmanagement/vendor/laravel/framework/src/Illuminate/Routing/Router.php(613): Illuminate\\Routing\\Router->dispatchToRoute(Object(Illuminate\\Http\\Request))
#41 /home/u709485375/domains/fortecsalesforce.com/public_html/cem_leadmanagement/vendor/laravel/framework/src/Illuminate/Foundation/Http/Kernel.php(165): Illuminate\\Routing\\Router->dispatch(Object(Illuminate\\Http\\Request))
#42 /home/u709485375/domains/fortecsalesforce.com/public_html/cem_leadmanagement/vendor/laravel/framework/src/Illuminate/Pipeline/Pipeline.php(128): Illuminate\\Foundation\\Http\\Kernel->Illuminate\\Foundation\\Http\\{closure}(Object(Illuminate\\Http\\Request))
#43 /home/u709485375/domains/fortecsalesforce.com/public_html/cem_leadmanagement/vendor/laravel/framework/src/Illuminate/Foundation/Http/Middleware/TransformsRequest.php(21): Illuminate\\Pipeline\\Pipeline->Illuminate\\Pipeline\\{closure}(Object(Illuminate\\Http\\Request))
#44 /home/u709485375/domains/fortecsalesforce.com/public_html/cem_leadmanagement/vendor/laravel/framework/src/Illuminate/Pipeline/Pipeline.php(167): Illuminate\\Foundation\\Http\\Middleware\\TransformsRequest->handle(Object(Illuminate\\Http\\Request), Object(Closure))
#45 /home/u709485375/domains/fortecsalesforce.com/public_html/cem_leadmanagement/vendor/laravel/framework/src/Illuminate/Foundation/Http/Middleware/TransformsRequest.php(21): Illuminate\\Pipeline\\Pipeline->Illuminate\\Pipeline\\{closure}(Object(Illuminate\\Http\\Request))
#46 /home/u709485375/domains/fortecsalesforce.com/public_html/cem_leadmanagement/vendor/laravel/framework/src/Illuminate/Pipeline/Pipeline.php(167): Illuminate\\Foundation\\Http\\Middleware\\TransformsRequest->handle(Object(Illuminate\\Http\\Request), Object(Closure))
#47 /home/u709485375/domains/fortecsalesforce.com/public_html/cem_leadmanagement/vendor/laravel/framework/src/Illuminate/Foundation/Http/Middleware/ValidatePostSize.php(27): Illuminate\\Pipeline\\Pipeline->Illuminate\\Pipeline\\{closure}(Object(Illuminate\\Http\\Request))
#48 /home/u709485375/domains/fortecsalesforce.com/public_html/cem_leadmanagement/vendor/laravel/framework/src/Illuminate/Pipeline/Pipeline.php(167): Illuminate\\Foundation\\Http\\Middleware\\ValidatePostSize->handle(Object(Illuminate\\Http\\Request), Object(Closure))
#49 /home/u709485375/domains/fortecsalesforce.com/public_html/cem_leadmanagement/vendor/laravel/framework/src/Illuminate/Foundation/Http/Middleware/CheckForMaintenanceMode.php(63): Illuminate\\Pipeline\\Pipeline->Illuminate\\Pipeline\\{closure}(Object(Illuminate\\Http\\Request))
#50 /home/u709485375/domains/fortecsalesforce.com/public_html/cem_leadmanagement/vendor/laravel/framework/src/Illuminate/Pipeline/Pipeline.php(167): Illuminate\\Foundation\\Http\\Middleware\\CheckForMaintenanceMode->handle(Object(Illuminate\\Http\\Request), Object(Closure))
#51 /home/u709485375/domains/fortecsalesforce.com/public_html/cem_leadmanagement/vendor/fideloper/proxy/src/TrustProxies.php(57): Illuminate\\Pipeline\\Pipeline->Illuminate\\Pipeline\\{closure}(Object(Illuminate\\Http\\Request))
#52 /home/u709485375/domains/fortecsalesforce.com/public_html/cem_leadmanagement/vendor/laravel/framework/src/Illuminate/Pipeline/Pipeline.php(167): Fideloper\\Proxy\\TrustProxies->handle(Object(Illuminate\\Http\\Request), Object(Closure))
#53 /home/u709485375/domains/fortecsalesforce.com/public_html/cem_leadmanagement/vendor/laravel/framework/src/Illuminate/Pipeline/Pipeline.php(103): Illuminate\\Pipeline\\Pipeline->Illuminate\\Pipeline\\{closure}(Object(Illuminate\\Http\\Request))
#54 /home/u709485375/domains/fortecsalesforce.com/public_html/cem_leadmanagement/vendor/laravel/framework/src/Illuminate/Foundation/Http/Kernel.php(140): Illuminate\\Pipeline\\Pipeline->then(Object(Closure))
#55 /home/u709485375/domains/fortecsalesforce.com/public_html/cem_leadmanagement/vendor/laravel/framework/src/Illuminate/Foundation/Http/Kernel.php(109): Illuminate\\Foundation\\Http\\Kernel->sendRequestThroughRouter(Object(Illuminate\\Http\\Request))
#56 /home/u709485375/domains/fortecsalesforce.com/public_html/cem_leadmanagement/public/index.php(60): Illuminate\\Foundation\\Http\\Kernel->handle(Object(Illuminate\\Http\\Request))
#57 /home/u709485375/domains/fortecsalesforce.com/public_html/cem_leadmanagement/index.php(26): require_once('/home/u70948537...')
#58 {main}
"} 
[2022-01-21 20:54:28] local.ERROR: Undefined index: prospect_first_name {"userId":79,"exception":"[object] (ErrorException(code: 0): Undefined index: prospect_first_name at /home/u709485375/domains/fortecsalesforce.com/public_html/cem_leadmanagement/app/Imports/BulkImport.php:52)
[stacktrace]
#0 /home/u709485375/domains/fortecsalesforce.com/public_html/cem_leadmanagement/app/Imports/BulkImport.php(52): Illuminate\\Foundation\\Bootstrap\\HandleExceptions->handleError(8, 'Undefined index...', '/home/u70948537...', 52, Array)
#1 /home/u709485375/domains/fortecsalesforce.com/public_html/cem_leadmanagement/vendor/maatwebsite/excel/src/Imports/ModelManager.php(91): App\\Imports\\BulkImport->model(Array)
#2 /home/u709485375/domains/fortecsalesforce.com/public_html/cem_leadmanagement/vendor/maatwebsite/excel/src/Imports/ModelManager.php(143): Maatwebsite\\Excel\\Imports\\ModelManager->toModels(Object(App\\Imports\\BulkImport), Array, 2)
#3 /home/u709485375/domains/fortecsalesforce.com/public_html/cem_leadmanagement/vendor/laravel/framework/src/Illuminate/Support/Traits/EnumeratesValues.php(176): Maatwebsite\\Excel\\Imports\\ModelManager->Maatwebsite\\Excel\\Imports\\{closure}(Array, 2)
#4 /home/u709485375/domains/fortecsalesforce.com/public_html/cem_leadmanagement/vendor/maatwebsite/excel/src/Imports/ModelManager.php(162): Illuminate\\Support\\Collection->each(Object(Closure))
#5 /home/u709485375/domains/fortecsalesforce.com/public_html/cem_leadmanagement/vendor/maatwebsite/excel/src/Imports/ModelManager.php(73): Maatwebsite\\Excel\\Imports\\ModelManager->singleFlush(Object(App\\Imports\\BulkImport))
#6 /home/u709485375/domains/fortecsalesforce.com/public_html/cem_leadmanagement/vendor/maatwebsite/excel/src/Imports/ModelImporter.php(81): Maatwebsite\\Excel\\Imports\\ModelManager->flush(Object(App\\Imports\\BulkImport), false)
#7 /home/u709485375/domains/fortecsalesforce.com/public_html/cem_leadmanagement/vendor/maatwebsite/excel/src/Sheet.php(261): Maatwebsite\\Excel\\Imports\\ModelImporter->import(Object(PhpOffice\\PhpSpreadsheet\\Worksheet\\Worksheet), Object(App\\Imports\\BulkImport), 2)
#8 /home/u709485375/domains/fortecsalesforce.com/public_html/cem_leadmanagement/vendor/maatwebsite/excel/src/Reader.php(115): Maatwebsite\\Excel\\Sheet->import(Object(App\\Imports\\BulkImport), 2)
#9 /home/u709485375/domains/fortecsalesforce.com/public_html/cem_leadmanagement/vendor/laravel/framework/src/Illuminate/Database/Concerns/ManagesTransactions.php(28): Maatwebsite\\Excel\\Reader->Maatwebsite\\Excel\\{closure}(Object(Illuminate\\Database\\MySqlConnection))
#10 /home/u709485375/domains/fortecsalesforce.com/public_html/cem_leadmanagement/vendor/maatwebsite/excel/src/Transactions/DbTransactionHandler.php(30): Illuminate\\Database\\Connection->transaction(Object(Closure))
#11 /home/u709485375/domains/fortecsalesforce.com/public_html/cem_leadmanagement/vendor/maatwebsite/excel/src/Reader.php(129): Maatwebsite\\Excel\\Transactions\\DbTransactionHandler->__invoke(Object(Closure))
#12 /home/u709485375/domains/fortecsalesforce.com/public_html/cem_leadmanagement/vendor/maatwebsite/excel/src/Excel.php(146): Maatwebsite\\Excel\\Reader->read(Object(App\\Imports\\BulkImport), Object(Illuminate\\Http\\UploadedFile), 'Csv', NULL)
#13 /home/u709485375/domains/fortecsalesforce.com/public_html/cem_leadmanagement/vendor/laravel/framework/src/Illuminate/Support/Facades/Facade.php(261): Maatwebsite\\Excel\\Excel->import(Object(App\\Imports\\BulkImport), Object(Illuminate\\Http\\UploadedFile))
#14 /home/u709485375/domains/fortecsalesforce.com/public_html/cem_leadmanagement/app/Http/Controllers/ImportExportController.php(47): Illuminate\\Support\\Facades\\Facade::__callStatic('import', Array)
#15 [internal function]: App\\Http\\Controllers\\ImportExportController->import(Object(App\\Http\\Requests\\ImportRequest))
#16 /home/u709485375/domains/fortecsalesforce.com/public_html/cem_leadmanagement/vendor/laravel/framework/src/Illuminate/Routing/Controller.php(54): call_user_func_array(Array, Array)
#17 /home/u709485375/domains/fortecsalesforce.com/public_html/cem_leadmanagement/vendor/laravel/framework/src/Illuminate/Routing/ControllerDispatcher.php(45): Illuminate\\Routing\\Controller->callAction('import', Array)
#18 /home/u709485375/domains/fortecsalesforce.com/public_html/cem_leadmanagement/vendor/laravel/framework/src/Illuminate/Routing/Route.php(240): Illuminate\\Routing\\ControllerDispatcher->dispatch(Object(Illuminate\\Routing\\Route), Object(App\\Http\\Controllers\\ImportExportController), 'import')
#19 /home/u709485375/domains/fortecsalesforce.com/public_html/cem_leadmanagement/vendor/laravel/framework/src/Illuminate/Routing/Route.php(197): Illuminate\\Routing\\Route->runController()
#20 /home/u709485375/domains/fortecsalesforce.com/public_html/cem_leadmanagement/vendor/laravel/framework/src/Illuminate/Routing/Router.php(681): Illuminate\\Routing\\Route->run()
#21 /home/u709485375/domains/fortecsalesforce.com/public_html/cem_leadmanagement/vendor/laravel/framework/src/Illuminate/Pipeline/Pipeline.php(128): Illuminate\\Routing\\Router->Illuminate\\Routing\\{closure}(Object(Illuminate\\Http\\Request))
#22 /home/u709485375/domains/fortecsalesforce.com/public_html/cem_leadmanagement/vendor/laravel/framework/src/Illuminate/Routing/Middleware/SubstituteBindings.php(41): Illuminate\\Pipeline\\Pipeline->Illuminate\\Pipeline\\{closure}(Object(Illuminate\\Http\\Request))
#23 /home/u709485375/domains/fortecsalesforce.com/public_html/cem_leadmanagement/vendor/laravel/framework/src/Illuminate/Pipeline/Pipeline.php(167): Illuminate\\Routing\\Middleware\\SubstituteBindings->handle(Object(Illuminate\\Http\\Request), Object(Closure))
#24 /home/u709485375/domains/fortecsalesforce.com/public_html/cem_leadmanagement/vendor/laravel/framework/src/Illuminate/Auth/Middleware/Authenticate.php(44): Illuminate\\Pipeline\\Pipeline->Illuminate\\Pipeline\\{closure}(Object(Illuminate\\Http\\Request))
#25 /home/u709485375/domains/fortecsalesforce.com/public_html/cem_leadmanagement/vendor/laravel/framework/src/Illuminate/Pipeline/Pipeline.php(167): Illuminate\\Auth\\Middleware\\Authenticate->handle(Object(Illuminate\\Http\\Request), Object(Closure))
#26 /home/u709485375/domains/fortecsalesforce.com/public_html/cem_leadmanagement/vendor/laravel/framework/src/Illuminate/Foundation/Http/Middleware/VerifyCsrfToken.php(76): Illuminate\\Pipeline\\Pipeline->Illuminate\\Pipeline\\{closure}(Object(Illuminate\\Http\\Request))
#27 /home/u709485375/domains/fortecsalesforce.com/public_html/cem_leadmanagement/vendor/laravel/framework/src/Illuminate/Pipeline/Pipeline.php(167): Illuminate\\Foundation\\Http\\Middleware\\VerifyCsrfToken->handle(Object(Illuminate\\Http\\Request), Object(Closure))
#28 /home/u709485375/domains/fortecsalesforce.com/public_html/cem_leadmanagement/vendor/laravel/framework/src/Illuminate/View/Middleware/ShareErrorsFromSession.php(49): Illuminate\\Pipeline\\Pipeline->Illuminate\\Pipeline\\{closure}(Object(Illuminate\\Http\\Request))
#29 /home/u709485375/domains/fortecsalesforce.com/public_html/cem_leadmanagement/vendor/laravel/framework/src/Illuminate/Pipeline/Pipeline.php(167): Illuminate\\View\\Middleware\\ShareErrorsFromSession->handle(Object(Illuminate\\Http\\Request), Object(Closure))
#30 /home/u709485375/domains/fortecsalesforce.com/public_html/cem_leadmanagement/vendor/laravel/framework/src/Illuminate/Session/Middleware/StartSession.php(56): Illuminate\\Pipeline\\Pipeline->Illuminate\\Pipeline\\{closure}(Object(Illuminate\\Http\\Request))
#31 /home/u709485375/domains/fortecsalesforce.com/public_html/cem_leadmanagement/vendor/laravel/framework/src/Illuminate/Pipeline/Pipeline.php(167): Illuminate\\Session\\Middleware\\StartSession->handle(Object(Illuminate\\Http\\Request), Object(Closure))
#32 /home/u709485375/domains/fortecsalesforce.com/public_html/cem_leadmanagement/vendor/laravel/framework/src/Illuminate/Cookie/Middleware/AddQueuedCookiesToResponse.php(37): Illuminate\\Pipeline\\Pipeline->Illuminate\\Pipeline\\{closure}(Object(Illuminate\\Http\\Request))
#33 /home/u709485375/domains/fortecsalesforce.com/public_html/cem_leadmanagement/vendor/laravel/framework/src/Illuminate/Pipeline/Pipeline.php(167): Illuminate\\Cookie\\Middleware\\AddQueuedCookiesToResponse->handle(Object(Illuminate\\Http\\Request), Object(Closure))
#34 /home/u709485375/domains/fortecsalesforce.com/public_html/cem_leadmanagement/vendor/laravel/framework/src/Illuminate/Cookie/Middleware/EncryptCookies.php(66): Illuminate\\Pipeline\\Pipeline->Illuminate\\Pipeline\\{closure}(Object(Illuminate\\Http\\Request))
#35 /home/u709485375/domains/fortecsalesforce.com/public_html/cem_leadmanagement/vendor/laravel/framework/src/Illuminate/Pipeline/Pipeline.php(167): Illuminate\\Cookie\\Middleware\\EncryptCookies->handle(Object(Illuminate\\Http\\Request), Object(Closure))
#36 /home/u709485375/domains/fortecsalesforce.com/public_html/cem_leadmanagement/vendor/laravel/framework/src/Illuminate/Pipeline/Pipeline.php(103): Illuminate\\Pipeline\\Pipeline->Illuminate\\Pipeline\\{closure}(Object(Illuminate\\Http\\Request))
#37 /home/u709485375/domains/fortecsalesforce.com/public_html/cem_leadmanagement/vendor/laravel/framework/src/Illuminate/Routing/Router.php(683): Illuminate\\Pipeline\\Pipeline->then(Object(Closure))
#38 /home/u709485375/domains/fortecsalesforce.com/public_html/cem_leadmanagement/vendor/laravel/framework/src/Illuminate/Routing/Router.php(658): Illuminate\\Routing\\Router->runRouteWithinStack(Object(Illuminate\\Routing\\Route), Object(Illuminate\\Http\\Request))
#39 /home/u709485375/domains/fortecsalesforce.com/public_html/cem_leadmanagement/vendor/laravel/framework/src/Illuminate/Routing/Router.php(624): Illuminate\\Routing\\Router->runRoute(Object(Illuminate\\Http\\Request), Object(Illuminate\\Routing\\Route))
#40 /home/u709485375/domains/fortecsalesforce.com/public_html/cem_leadmanagement/vendor/laravel/framework/src/Illuminate/Routing/Router.php(613): Illuminate\\Routing\\Router->dispatchToRoute(Object(Illuminate\\Http\\Request))
#41 /home/u709485375/domains/fortecsalesforce.com/public_html/cem_leadmanagement/vendor/laravel/framework/src/Illuminate/Foundation/Http/Kernel.php(165): Illuminate\\Routing\\Router->dispatch(Object(Illuminate\\Http\\Request))
#42 /home/u709485375/domains/fortecsalesforce.com/public_html/cem_leadmanagement/vendor/laravel/framework/src/Illuminate/Pipeline/Pipeline.php(128): Illuminate\\Foundation\\Http\\Kernel->Illuminate\\Foundation\\Http\\{closure}(Object(Illuminate\\Http\\Request))
#43 /home/u709485375/domains/fortecsalesforce.com/public_html/cem_leadmanagement/vendor/laravel/framework/src/Illuminate/Foundation/Http/Middleware/TransformsRequest.php(21): Illuminate\\Pipeline\\Pipeline->Illuminate\\Pipeline\\{closure}(Object(Illuminate\\Http\\Request))
#44 /home/u709485375/domains/fortecsalesforce.com/public_html/cem_leadmanagement/vendor/laravel/framework/src/Illuminate/Pipeline/Pipeline.php(167): Illuminate\\Foundation\\Http\\Middleware\\TransformsRequest->handle(Object(Illuminate\\Http\\Request), Object(Closure))
#45 /home/u709485375/domains/fortecsalesforce.com/public_html/cem_leadmanagement/vendor/laravel/framework/src/Illuminate/Foundation/Http/Middleware/TransformsRequest.php(21): Illuminate\\Pipeline\\Pipeline->Illuminate\\Pipeline\\{closure}(Object(Illuminate\\Http\\Request))
#46 /home/u709485375/domains/fortecsalesforce.com/public_html/cem_leadmanagement/vendor/laravel/framework/src/Illuminate/Pipeline/Pipeline.php(167): Illuminate\\Foundation\\Http\\Middleware\\TransformsRequest->handle(Object(Illuminate\\Http\\Request), Object(Closure))
#47 /home/u709485375/domains/fortecsalesforce.com/public_html/cem_leadmanagement/vendor/laravel/framework/src/Illuminate/Foundation/Http/Middleware/ValidatePostSize.php(27): Illuminate\\Pipeline\\Pipeline->Illuminate\\Pipeline\\{closure}(Object(Illuminate\\Http\\Request))
#48 /home/u709485375/domains/fortecsalesforce.com/public_html/cem_leadmanagement/vendor/laravel/framework/src/Illuminate/Pipeline/Pipeline.php(167): Illuminate\\Foundation\\Http\\Middleware\\ValidatePostSize->handle(Object(Illuminate\\Http\\Request), Object(Closure))
#49 /home/u709485375/domains/fortecsalesforce.com/public_html/cem_leadmanagement/vendor/laravel/framework/src/Illuminate/Foundation/Http/Middleware/CheckForMaintenanceMode.php(63): Illuminate\\Pipeline\\Pipeline->Illuminate\\Pipeline\\{closure}(Object(Illuminate\\Http\\Request))
#50 /home/u709485375/domains/fortecsalesforce.com/public_html/cem_leadmanagement/vendor/laravel/framework/src/Illuminate/Pipeline/Pipeline.php(167): Illuminate\\Foundation\\Http\\Middleware\\CheckForMaintenanceMode->handle(Object(Illuminate\\Http\\Request), Object(Closure))
#51 /home/u709485375/domains/fortecsalesforce.com/public_html/cem_leadmanagement/vendor/fideloper/proxy/src/TrustProxies.php(57): Illuminate\\Pipeline\\Pipeline->Illuminate\\Pipeline\\{closure}(Object(Illuminate\\Http\\Request))
#52 /home/u709485375/domains/fortecsalesforce.com/public_html/cem_leadmanagement/vendor/laravel/framework/src/Illuminate/Pipeline/Pipeline.php(167): Fideloper\\Proxy\\TrustProxies->handle(Object(Illuminate\\Http\\Request), Object(Closure))
#53 /home/u709485375/domains/fortecsalesforce.com/public_html/cem_leadmanagement/vendor/laravel/framework/src/Illuminate/Pipeline/Pipeline.php(103): Illuminate\\Pipeline\\Pipeline->Illuminate\\Pipeline\\{closure}(Object(Illuminate\\Http\\Request))
#54 /home/u709485375/domains/fortecsalesforce.com/public_html/cem_leadmanagement/vendor/laravel/framework/src/Illuminate/Foundation/Http/Kernel.php(140): Illuminate\\Pipeline\\Pipeline->then(Object(Closure))
#55 /home/u709485375/domains/fortecsalesforce.com/public_html/cem_leadmanagement/vendor/laravel/framework/src/Illuminate/Foundation/Http/Kernel.php(109): Illuminate\\Foundation\\Http\\Kernel->sendRequestThroughRouter(Object(Illuminate\\Http\\Request))
#56 /home/u709485375/domains/fortecsalesforce.com/public_html/cem_leadmanagement/public/index.php(60): Illuminate\\Foundation\\Http\\Kernel->handle(Object(Illuminate\\Http\\Request))
#57 /home/u709485375/domains/fortecsalesforce.com/public_html/cem_leadmanagement/index.php(26): require_once('/home/u70948537...')
#58 {main}
"} 
