[2022-05-07 08:48:58] local.ERROR: RecursiveDirectoryIterator::__construct(D:\ANMOL\wamp64\www\cem_leadmanagement\storage\app/public/Excel-07-05-2022/Persistent Systems - Healthcare performance 16518935381762/): The system cannot find the path specified. (code: 3) {"userId":73,"exception":"[object] (UnexpectedValueException(code: 0): RecursiveDirectoryIterator::__construct(D:\\ANMOL\\wamp64\\www\\cem_leadmanagement\\storage\\app/public/Excel-07-05-2022/Persistent Systems - Healthcare performance 16518935381762/): The system cannot find the path specified. (code: 3) at D:\\ANMOL\\wamp64\\www\\cem_leadmanagement\\app\\Http\\Controllers\\LeadClosedController.php:279)
[stacktrace]
#0 D:\\ANMOL\\wamp64\\www\\cem_leadmanagement\\app\\Http\\Controllers\\LeadClosedController.php(279): RecursiveDirectoryIterator->__construct('D:\\\\ANMOL\\\\wamp64...')
#1 [internal function]: App\\Http\\Controllers\\LeadClosedController->wordEmployeeDown('1762')
#2 D:\\ANMOL\\wamp64\\www\\cem_leadmanagement\\vendor\\laravel\\framework\\src\\Illuminate\\Routing\\Controller.php(54): call_user_func_array(Array, Array)
#3 D:\\ANMOL\\wamp64\\www\\cem_leadmanagement\\vendor\\laravel\\framework\\src\\Illuminate\\Routing\\ControllerDispatcher.php(45): Illuminate\\Routing\\Controller->callAction('wordEmployeeDow...', Array)
#4 D:\\ANMOL\\wamp64\\www\\cem_leadmanagement\\vendor\\laravel\\framework\\src\\Illuminate\\Routing\\Route.php(240): Illuminate\\Routing\\ControllerDispatcher->dispatch(Object(Illuminate\\Routing\\Route), Object(App\\Http\\Controllers\\LeadClosedController), 'wordEmployeeDow...')
#5 D:\\ANMOL\\wamp64\\www\\cem_leadmanagement\\vendor\\laravel\\framework\\src\\Illuminate\\Routing\\Route.php(197): Illuminate\\Routing\\Route->runController()
#6 D:\\ANMOL\\wamp64\\www\\cem_leadmanagement\\vendor\\laravel\\framework\\src\\Illuminate\\Routing\\Router.php(681): Illuminate\\Routing\\Route->run()
#7 D:\\ANMOL\\wamp64\\www\\cem_leadmanagement\\vendor\\laravel\\framework\\src\\Illuminate\\Pipeline\\Pipeline.php(128): Illuminate\\Routing\\Router->Illuminate\\Routing\\{closure}(Object(Illuminate\\Http\\Request))
#8 D:\\ANMOL\\wamp64\\www\\cem_leadmanagement\\vendor\\laravel\\framework\\src\\Illuminate\\Routing\\Middleware\\SubstituteBindings.php(41): Illuminate\\Pipeline\\Pipeline->Illuminate\\Pipeline\\{closure}(Object(Illuminate\\Http\\Request))
#9 D:\\ANMOL\\wamp64\\www\\cem_leadmanagement\\vendor\\laravel\\framework\\src\\Illuminate\\Pipeline\\Pipeline.php(167): Illuminate\\Routing\\Middleware\\SubstituteBindings->handle(Object(Illuminate\\Http\\Request), Object(Closure))
#10 D:\\ANMOL\\wamp64\\www\\cem_leadmanagement\\vendor\\laravel\\framework\\src\\Illuminate\\Foundation\\Http\\Middleware\\VerifyCsrfToken.php(76): Illuminate\\Pipeline\\Pipeline->Illuminate\\Pipeline\\{closure}(Object(Illuminate\\Http\\Request))
#11 D:\\ANMOL\\wamp64\\www\\cem_leadmanagement\\vendor\\laravel\\framework\\src\\Illuminate\\Pipeline\\Pipeline.php(167): Illuminate\\Foundation\\Http\\Middleware\\VerifyCsrfToken->handle(Object(Illuminate\\Http\\Request), Object(Closure))
#12 D:\\ANMOL\\wamp64\\www\\cem_leadmanagement\\vendor\\laravel\\framework\\src\\Illuminate\\View\\Middleware\\ShareErrorsFromSession.php(49): Illuminate\\Pipeline\\Pipeline->Illuminate\\Pipeline\\{closure}(Object(Illuminate\\Http\\Request))
#13 D:\\ANMOL\\wamp64\\www\\cem_leadmanagement\\vendor\\laravel\\framework\\src\\Illuminate\\Pipeline\\Pipeline.php(167): Illuminate\\View\\Middleware\\ShareErrorsFromSession->handle(Object(Illuminate\\Http\\Request), Object(Closure))
#14 D:\\ANMOL\\wamp64\\www\\cem_leadmanagement\\vendor\\laravel\\framework\\src\\Illuminate\\Session\\Middleware\\StartSession.php(56): Illuminate\\Pipeline\\Pipeline->Illuminate\\Pipeline\\{closure}(Object(Illuminate\\Http\\Request))
#15 D:\\ANMOL\\wamp64\\www\\cem_leadmanagement\\vendor\\laravel\\framework\\src\\Illuminate\\Pipeline\\Pipeline.php(167): Illuminate\\Session\\Middleware\\StartSession->handle(Object(Illuminate\\Http\\Request), Object(Closure))
#16 D:\\ANMOL\\wamp64\\www\\cem_leadmanagement\\vendor\\laravel\\framework\\src\\Illuminate\\Cookie\\Middleware\\AddQueuedCookiesToResponse.php(37): Illuminate\\Pipeline\\Pipeline->Illuminate\\Pipeline\\{closure}(Object(Illuminate\\Http\\Request))
#17 D:\\ANMOL\\wamp64\\www\\cem_leadmanagement\\vendor\\laravel\\framework\\src\\Illuminate\\Pipeline\\Pipeline.php(167): Illuminate\\Cookie\\Middleware\\AddQueuedCookiesToResponse->handle(Object(Illuminate\\Http\\Request), Object(Closure))
#18 D:\\ANMOL\\wamp64\\www\\cem_leadmanagement\\vendor\\laravel\\framework\\src\\Illuminate\\Cookie\\Middleware\\EncryptCookies.php(66): Illuminate\\Pipeline\\Pipeline->Illuminate\\Pipeline\\{closure}(Object(Illuminate\\Http\\Request))
#19 D:\\ANMOL\\wamp64\\www\\cem_leadmanagement\\vendor\\laravel\\framework\\src\\Illuminate\\Pipeline\\Pipeline.php(167): Illuminate\\Cookie\\Middleware\\EncryptCookies->handle(Object(Illuminate\\Http\\Request), Object(Closure))
#20 D:\\ANMOL\\wamp64\\www\\cem_leadmanagement\\vendor\\laravel\\framework\\src\\Illuminate\\Pipeline\\Pipeline.php(103): Illuminate\\Pipeline\\Pipeline->Illuminate\\Pipeline\\{closure}(Object(Illuminate\\Http\\Request))
#21 D:\\ANMOL\\wamp64\\www\\cem_leadmanagement\\vendor\\laravel\\framework\\src\\Illuminate\\Routing\\Router.php(683): Illuminate\\Pipeline\\Pipeline->then(Object(Closure))
#22 D:\\ANMOL\\wamp64\\www\\cem_leadmanagement\\vendor\\laravel\\framework\\src\\Illuminate\\Routing\\Router.php(658): Illuminate\\Routing\\Router->runRouteWithinStack(Object(Illuminate\\Routing\\Route), Object(Illuminate\\Http\\Request))
#23 D:\\ANMOL\\wamp64\\www\\cem_leadmanagement\\vendor\\laravel\\framework\\src\\Illuminate\\Routing\\Router.php(624): Illuminate\\Routing\\Router->runRoute(Object(Illuminate\\Http\\Request), Object(Illuminate\\Routing\\Route))
#24 D:\\ANMOL\\wamp64\\www\\cem_leadmanagement\\vendor\\laravel\\framework\\src\\Illuminate\\Routing\\Router.php(613): Illuminate\\Routing\\Router->dispatchToRoute(Object(Illuminate\\Http\\Request))
#25 D:\\ANMOL\\wamp64\\www\\cem_leadmanagement\\vendor\\laravel\\framework\\src\\Illuminate\\Foundation\\Http\\Kernel.php(165): Illuminate\\Routing\\Router->dispatch(Object(Illuminate\\Http\\Request))
#26 D:\\ANMOL\\wamp64\\www\\cem_leadmanagement\\vendor\\laravel\\framework\\src\\Illuminate\\Pipeline\\Pipeline.php(128): Illuminate\\Foundation\\Http\\Kernel->Illuminate\\Foundation\\Http\\{closure}(Object(Illuminate\\Http\\Request))
#27 D:\\ANMOL\\wamp64\\www\\cem_leadmanagement\\vendor\\laravel\\framework\\src\\Illuminate\\Foundation\\Http\\Middleware\\TransformsRequest.php(21): Illuminate\\Pipeline\\Pipeline->Illuminate\\Pipeline\\{closure}(Object(Illuminate\\Http\\Request))
#28 D:\\ANMOL\\wamp64\\www\\cem_leadmanagement\\vendor\\laravel\\framework\\src\\Illuminate\\Pipeline\\Pipeline.php(167): Illuminate\\Foundation\\Http\\Middleware\\TransformsRequest->handle(Object(Illuminate\\Http\\Request), Object(Closure))
#29 D:\\ANMOL\\wamp64\\www\\cem_leadmanagement\\vendor\\laravel\\framework\\src\\Illuminate\\Foundation\\Http\\Middleware\\TransformsRequest.php(21): Illuminate\\Pipeline\\Pipeline->Illuminate\\Pipeline\\{closure}(Object(Illuminate\\Http\\Request))
#30 D:\\ANMOL\\wamp64\\www\\cem_leadmanagement\\vendor\\laravel\\framework\\src\\Illuminate\\Pipeline\\Pipeline.php(167): Illuminate\\Foundation\\Http\\Middleware\\TransformsRequest->handle(Object(Illuminate\\Http\\Request), Object(Closure))
#31 D:\\ANMOL\\wamp64\\www\\cem_leadmanagement\\vendor\\laravel\\framework\\src\\Illuminate\\Foundation\\Http\\Middleware\\ValidatePostSize.php(27): Illuminate\\Pipeline\\Pipeline->Illuminate\\Pipeline\\{closure}(Object(Illuminate\\Http\\Request))
#32 D:\\ANMOL\\wamp64\\www\\cem_leadmanagement\\vendor\\laravel\\framework\\src\\Illuminate\\Pipeline\\Pipeline.php(167): Illuminate\\Foundation\\Http\\Middleware\\ValidatePostSize->handle(Object(Illuminate\\Http\\Request), Object(Closure))
#33 D:\\ANMOL\\wamp64\\www\\cem_leadmanagement\\vendor\\laravel\\framework\\src\\Illuminate\\Foundation\\Http\\Middleware\\CheckForMaintenanceMode.php(63): Illuminate\\Pipeline\\Pipeline->Illuminate\\Pipeline\\{closure}(Object(Illuminate\\Http\\Request))
#34 D:\\ANMOL\\wamp64\\www\\cem_leadmanagement\\vendor\\laravel\\framework\\src\\Illuminate\\Pipeline\\Pipeline.php(167): Illuminate\\Foundation\\Http\\Middleware\\CheckForMaintenanceMode->handle(Object(Illuminate\\Http\\Request), Object(Closure))
#35 D:\\ANMOL\\wamp64\\www\\cem_leadmanagement\\vendor\\fideloper\\proxy\\src\\TrustProxies.php(57): Illuminate\\Pipeline\\Pipeline->Illuminate\\Pipeline\\{closure}(Object(Illuminate\\Http\\Request))
#36 D:\\ANMOL\\wamp64\\www\\cem_leadmanagement\\vendor\\laravel\\framework\\src\\Illuminate\\Pipeline\\Pipeline.php(167): Fideloper\\Proxy\\TrustProxies->handle(Object(Illuminate\\Http\\Request), Object(Closure))
#37 D:\\ANMOL\\wamp64\\www\\cem_leadmanagement\\vendor\\laravel\\framework\\src\\Illuminate\\Pipeline\\Pipeline.php(103): Illuminate\\Pipeline\\Pipeline->Illuminate\\Pipeline\\{closure}(Object(Illuminate\\Http\\Request))
#38 D:\\ANMOL\\wamp64\\www\\cem_leadmanagement\\vendor\\laravel\\framework\\src\\Illuminate\\Foundation\\Http\\Kernel.php(140): Illuminate\\Pipeline\\Pipeline->then(Object(Closure))
#39 D:\\ANMOL\\wamp64\\www\\cem_leadmanagement\\vendor\\laravel\\framework\\src\\Illuminate\\Foundation\\Http\\Kernel.php(109): Illuminate\\Foundation\\Http\\Kernel->sendRequestThroughRouter(Object(Illuminate\\Http\\Request))
#40 D:\\ANMOL\\wamp64\\www\\cem_leadmanagement\\public\\index.php(60): Illuminate\\Foundation\\Http\\Kernel->handle(Object(Illuminate\\Http\\Request))
#41 D:\\ANMOL\\wamp64\\www\\cem_leadmanagement\\index.php(26): require_once('D:\\\\ANMOL\\\\wamp64...')
#42 {main}
"} 
[2022-05-07 09:37:11] production.ERROR: No application encryption key has been specified. {"exception":"[object] (RuntimeException(code: 0): No application encryption key has been specified. at D:\\ANMOL\\wamp64\\www\\cem_leadmanagement\\vendor\\laravel\\framework\\src\\Illuminate\\Encryption\\EncryptionServiceProvider.php:44)
[stacktrace]
#0 D:\\ANMOL\\wamp64\\www\\cem_leadmanagement\\vendor\\laravel\\framework\\src\\Illuminate\\Support\\helpers.php(422): Illuminate\\Encryption\\EncryptionServiceProvider->Illuminate\\Encryption\\{closure}(NULL)
#1 D:\\ANMOL\\wamp64\\www\\cem_leadmanagement\\vendor\\laravel\\framework\\src\\Illuminate\\Encryption\\EncryptionServiceProvider.php(48): tap(NULL, Object(Closure))
#2 D:\\ANMOL\\wamp64\\www\\cem_leadmanagement\\vendor\\laravel\\framework\\src\\Illuminate\\Encryption\\EncryptionServiceProvider.php(24): Illuminate\\Encryption\\EncryptionServiceProvider->key(Array)
#3 D:\\ANMOL\\wamp64\\www\\cem_leadmanagement\\vendor\\laravel\\framework\\src\\Illuminate\\Container\\Container.php(799): Illuminate\\Encryption\\EncryptionServiceProvider->Illuminate\\Encryption\\{closure}(Object(Illuminate\\Foundation\\Application), Array)
#4 D:\\ANMOL\\wamp64\\www\\cem_leadmanagement\\vendor\\laravel\\framework\\src\\Illuminate\\Container\\Container.php(681): Illuminate\\Container\\Container->build(Object(Closure))
#5 D:\\ANMOL\\wamp64\\www\\cem_leadmanagement\\vendor\\laravel\\framework\\src\\Illuminate\\Foundation\\Application.php(787): Illuminate\\Container\\Container->resolve('encrypter', Array, true)
#6 D:\\ANMOL\\wamp64\\www\\cem_leadmanagement\\vendor\\laravel\\framework\\src\\Illuminate\\Container\\Container.php(629): Illuminate\\Foundation\\Application->resolve('encrypter', Array)
#7 D:\\ANMOL\\wamp64\\www\\cem_leadmanagement\\vendor\\laravel\\framework\\src\\Illuminate\\Foundation\\Application.php(772): Illuminate\\Container\\Container->make('encrypter', Array)
#8 D:\\ANMOL\\wamp64\\www\\cem_leadmanagement\\vendor\\laravel\\framework\\src\\Illuminate\\Container\\Container.php(945): Illuminate\\Foundation\\Application->make('encrypter')
#9 D:\\ANMOL\\wamp64\\www\\cem_leadmanagement\\vendor\\laravel\\framework\\src\\Illuminate\\Container\\Container.php(873): Illuminate\\Container\\Container->resolveClass(Object(ReflectionParameter))
#10 D:\\ANMOL\\wamp64\\www\\cem_leadmanagement\\vendor\\laravel\\framework\\src\\Illuminate\\Container\\Container.php(834): Illuminate\\Container\\Container->resolveDependencies(Array)
#11 D:\\ANMOL\\wamp64\\www\\cem_leadmanagement\\vendor\\laravel\\framework\\src\\Illuminate\\Container\\Container.php(681): Illuminate\\Container\\Container->build('App\\\\Http\\\\Middle...')
#12 D:\\ANMOL\\wamp64\\www\\cem_leadmanagement\\vendor\\laravel\\framework\\src\\Illuminate\\Foundation\\Application.php(787): Illuminate\\Container\\Container->resolve('App\\\\Http\\\\Middle...', Array, true)
#13 D:\\ANMOL\\wamp64\\www\\cem_leadmanagement\\vendor\\laravel\\framework\\src\\Illuminate\\Container\\Container.php(629): Illuminate\\Foundation\\Application->resolve('App\\\\Http\\\\Middle...', Array)
#14 D:\\ANMOL\\wamp64\\www\\cem_leadmanagement\\vendor\\laravel\\framework\\src\\Illuminate\\Foundation\\Application.php(772): Illuminate\\Container\\Container->make('App\\\\Http\\\\Middle...', Array)
#15 D:\\ANMOL\\wamp64\\www\\cem_leadmanagement\\vendor\\laravel\\framework\\src\\Illuminate\\Pipeline\\Pipeline.php(156): Illuminate\\Foundation\\Application->make('App\\\\Http\\\\Middle...')
#16 D:\\ANMOL\\wamp64\\www\\cem_leadmanagement\\vendor\\laravel\\framework\\src\\Illuminate\\Pipeline\\Pipeline.php(103): Illuminate\\Pipeline\\Pipeline->Illuminate\\Pipeline\\{closure}(Object(Illuminate\\Http\\Request))
#17 D:\\ANMOL\\wamp64\\www\\cem_leadmanagement\\vendor\\laravel\\framework\\src\\Illuminate\\Routing\\Router.php(683): Illuminate\\Pipeline\\Pipeline->then(Object(Closure))
#18 D:\\ANMOL\\wamp64\\www\\cem_leadmanagement\\vendor\\laravel\\framework\\src\\Illuminate\\Routing\\Router.php(658): Illuminate\\Routing\\Router->runRouteWithinStack(Object(Illuminate\\Routing\\Route), Object(Illuminate\\Http\\Request))
#19 D:\\ANMOL\\wamp64\\www\\cem_leadmanagement\\vendor\\laravel\\framework\\src\\Illuminate\\Routing\\Router.php(624): Illuminate\\Routing\\Router->runRoute(Object(Illuminate\\Http\\Request), Object(Illuminate\\Routing\\Route))
#20 D:\\ANMOL\\wamp64\\www\\cem_leadmanagement\\vendor\\laravel\\framework\\src\\Illuminate\\Routing\\Router.php(613): Illuminate\\Routing\\Router->dispatchToRoute(Object(Illuminate\\Http\\Request))
#21 D:\\ANMOL\\wamp64\\www\\cem_leadmanagement\\vendor\\laravel\\framework\\src\\Illuminate\\Foundation\\Http\\Kernel.php(165): Illuminate\\Routing\\Router->dispatch(Object(Illuminate\\Http\\Request))
#22 D:\\ANMOL\\wamp64\\www\\cem_leadmanagement\\vendor\\laravel\\framework\\src\\Illuminate\\Pipeline\\Pipeline.php(128): Illuminate\\Foundation\\Http\\Kernel->Illuminate\\Foundation\\Http\\{closure}(Object(Illuminate\\Http\\Request))
#23 D:\\ANMOL\\wamp64\\www\\cem_leadmanagement\\vendor\\laravel\\framework\\src\\Illuminate\\Foundation\\Http\\Middleware\\TransformsRequest.php(21): Illuminate\\Pipeline\\Pipeline->Illuminate\\Pipeline\\{closure}(Object(Illuminate\\Http\\Request))
#24 D:\\ANMOL\\wamp64\\www\\cem_leadmanagement\\vendor\\laravel\\framework\\src\\Illuminate\\Pipeline\\Pipeline.php(167): Illuminate\\Foundation\\Http\\Middleware\\TransformsRequest->handle(Object(Illuminate\\Http\\Request), Object(Closure))
#25 D:\\ANMOL\\wamp64\\www\\cem_leadmanagement\\vendor\\laravel\\framework\\src\\Illuminate\\Foundation\\Http\\Middleware\\TransformsRequest.php(21): Illuminate\\Pipeline\\Pipeline->Illuminate\\Pipeline\\{closure}(Object(Illuminate\\Http\\Request))
#26 D:\\ANMOL\\wamp64\\www\\cem_leadmanagement\\vendor\\laravel\\framework\\src\\Illuminate\\Pipeline\\Pipeline.php(167): Illuminate\\Foundation\\Http\\Middleware\\TransformsRequest->handle(Object(Illuminate\\Http\\Request), Object(Closure))
#27 D:\\ANMOL\\wamp64\\www\\cem_leadmanagement\\vendor\\laravel\\framework\\src\\Illuminate\\Foundation\\Http\\Middleware\\ValidatePostSize.php(27): Illuminate\\Pipeline\\Pipeline->Illuminate\\Pipeline\\{closure}(Object(Illuminate\\Http\\Request))
#28 D:\\ANMOL\\wamp64\\www\\cem_leadmanagement\\vendor\\laravel\\framework\\src\\Illuminate\\Pipeline\\Pipeline.php(167): Illuminate\\Foundation\\Http\\Middleware\\ValidatePostSize->handle(Object(Illuminate\\Http\\Request), Object(Closure))
#29 D:\\ANMOL\\wamp64\\www\\cem_leadmanagement\\vendor\\laravel\\framework\\src\\Illuminate\\Foundation\\Http\\Middleware\\CheckForMaintenanceMode.php(63): Illuminate\\Pipeline\\Pipeline->Illuminate\\Pipeline\\{closure}(Object(Illuminate\\Http\\Request))
#30 D:\\ANMOL\\wamp64\\www\\cem_leadmanagement\\vendor\\laravel\\framework\\src\\Illuminate\\Pipeline\\Pipeline.php(167): Illuminate\\Foundation\\Http\\Middleware\\CheckForMaintenanceMode->handle(Object(Illuminate\\Http\\Request), Object(Closure))
#31 D:\\ANMOL\\wamp64\\www\\cem_leadmanagement\\vendor\\fideloper\\proxy\\src\\TrustProxies.php(57): Illuminate\\Pipeline\\Pipeline->Illuminate\\Pipeline\\{closure}(Object(Illuminate\\Http\\Request))
#32 D:\\ANMOL\\wamp64\\www\\cem_leadmanagement\\vendor\\laravel\\framework\\src\\Illuminate\\Pipeline\\Pipeline.php(167): Fideloper\\Proxy\\TrustProxies->handle(Object(Illuminate\\Http\\Request), Object(Closure))
#33 D:\\ANMOL\\wamp64\\www\\cem_leadmanagement\\vendor\\laravel\\framework\\src\\Illuminate\\Pipeline\\Pipeline.php(103): Illuminate\\Pipeline\\Pipeline->Illuminate\\Pipeline\\{closure}(Object(Illuminate\\Http\\Request))
#34 D:\\ANMOL\\wamp64\\www\\cem_leadmanagement\\vendor\\laravel\\framework\\src\\Illuminate\\Foundation\\Http\\Kernel.php(140): Illuminate\\Pipeline\\Pipeline->then(Object(Closure))
#35 D:\\ANMOL\\wamp64\\www\\cem_leadmanagement\\vendor\\laravel\\framework\\src\\Illuminate\\Foundation\\Http\\Kernel.php(109): Illuminate\\Foundation\\Http\\Kernel->sendRequestThroughRouter(Object(Illuminate\\Http\\Request))
#36 D:\\ANMOL\\wamp64\\www\\cem_leadmanagement\\public\\index.php(60): Illuminate\\Foundation\\Http\\Kernel->handle(Object(Illuminate\\Http\\Request))
#37 D:\\ANMOL\\wamp64\\www\\cem_leadmanagement\\index.php(26): require_once('D:\\\\ANMOL\\\\wamp64...')
#38 {main}
"} 
[2022-05-07 09:37:11] production.ERROR: No application encryption key has been specified. {"exception":"[object] (RuntimeException(code: 0): No application encryption key has been specified. at D:\\ANMOL\\wamp64\\www\\cem_leadmanagement\\vendor\\laravel\\framework\\src\\Illuminate\\Encryption\\EncryptionServiceProvider.php:44)
[stacktrace]
#0 D:\\ANMOL\\wamp64\\www\\cem_leadmanagement\\vendor\\laravel\\framework\\src\\Illuminate\\Support\\helpers.php(422): Illuminate\\Encryption\\EncryptionServiceProvider->Illuminate\\Encryption\\{closure}(NULL)
#1 D:\\ANMOL\\wamp64\\www\\cem_leadmanagement\\vendor\\laravel\\framework\\src\\Illuminate\\Encryption\\EncryptionServiceProvider.php(48): tap(NULL, Object(Closure))
#2 D:\\ANMOL\\wamp64\\www\\cem_leadmanagement\\vendor\\laravel\\framework\\src\\Illuminate\\Encryption\\EncryptionServiceProvider.php(24): Illuminate\\Encryption\\EncryptionServiceProvider->key(Array)
#3 D:\\ANMOL\\wamp64\\www\\cem_leadmanagement\\vendor\\laravel\\framework\\src\\Illuminate\\Container\\Container.php(799): Illuminate\\Encryption\\EncryptionServiceProvider->Illuminate\\Encryption\\{closure}(Object(Illuminate\\Foundation\\Application), Array)
#4 D:\\ANMOL\\wamp64\\www\\cem_leadmanagement\\vendor\\laravel\\framework\\src\\Illuminate\\Container\\Container.php(681): Illuminate\\Container\\Container->build(Object(Closure))
#5 D:\\ANMOL\\wamp64\\www\\cem_leadmanagement\\vendor\\laravel\\framework\\src\\Illuminate\\Foundation\\Application.php(787): Illuminate\\Container\\Container->resolve('encrypter', Array, true)
#6 D:\\ANMOL\\wamp64\\www\\cem_leadmanagement\\vendor\\laravel\\framework\\src\\Illuminate\\Container\\Container.php(629): Illuminate\\Foundation\\Application->resolve('encrypter', Array)
#7 D:\\ANMOL\\wamp64\\www\\cem_leadmanagement\\vendor\\laravel\\framework\\src\\Illuminate\\Foundation\\Application.php(772): Illuminate\\Container\\Container->make('encrypter', Array)
#8 D:\\ANMOL\\wamp64\\www\\cem_leadmanagement\\vendor\\laravel\\framework\\src\\Illuminate\\Container\\Container.php(945): Illuminate\\Foundation\\Application->make('encrypter')
#9 D:\\ANMOL\\wamp64\\www\\cem_leadmanagement\\vendor\\laravel\\framework\\src\\Illuminate\\Container\\Container.php(873): Illuminate\\Container\\Container->resolveClass(Object(ReflectionParameter))
#10 D:\\ANMOL\\wamp64\\www\\cem_leadmanagement\\vendor\\laravel\\framework\\src\\Illuminate\\Container\\Container.php(834): Illuminate\\Container\\Container->resolveDependencies(Array)
#11 D:\\ANMOL\\wamp64\\www\\cem_leadmanagement\\vendor\\laravel\\framework\\src\\Illuminate\\Container\\Container.php(681): Illuminate\\Container\\Container->build('App\\\\Http\\\\Middle...')
#12 D:\\ANMOL\\wamp64\\www\\cem_leadmanagement\\vendor\\laravel\\framework\\src\\Illuminate\\Foundation\\Application.php(787): Illuminate\\Container\\Container->resolve('App\\\\Http\\\\Middle...', Array, true)
#13 D:\\ANMOL\\wamp64\\www\\cem_leadmanagement\\vendor\\laravel\\framework\\src\\Illuminate\\Container\\Container.php(629): Illuminate\\Foundation\\Application->resolve('App\\\\Http\\\\Middle...', Array)
#14 D:\\ANMOL\\wamp64\\www\\cem_leadmanagement\\vendor\\laravel\\framework\\src\\Illuminate\\Foundation\\Application.php(772): Illuminate\\Container\\Container->make('App\\\\Http\\\\Middle...', Array)
#15 D:\\ANMOL\\wamp64\\www\\cem_leadmanagement\\vendor\\laravel\\framework\\src\\Illuminate\\Foundation\\Http\\Kernel.php(204): Illuminate\\Foundation\\Application->make('App\\\\Http\\\\Middle...')
#16 D:\\ANMOL\\wamp64\\www\\cem_leadmanagement\\vendor\\laravel\\framework\\src\\Illuminate\\Foundation\\Http\\Kernel.php(178): Illuminate\\Foundation\\Http\\Kernel->terminateMiddleware(Object(Illuminate\\Http\\Request), Object(Illuminate\\Http\\JsonResponse))
#17 D:\\ANMOL\\wamp64\\www\\cem_leadmanagement\\public\\index.php(65): Illuminate\\Foundation\\Http\\Kernel->terminate(Object(Illuminate\\Http\\Request), Object(Illuminate\\Http\\JsonResponse))
#18 D:\\ANMOL\\wamp64\\www\\cem_leadmanagement\\index.php(26): require_once('D:\\\\ANMOL\\\\wamp64...')
#19 {main}
"} 
